<?xml version="1.0" encoding="UTF-8"?>
<robot generator="Robot 3.0.4 (Python 3.5.3 on linux)" generated="20180828 03:06:57.486">
<suite source="/opt/dsiprouter/testing/login.robot" id="s1" name="Login">
<test id="s1-t1" name="Valid Login">
<kw name="Open Browser To Login Page">
<kw library="SeleniumLibrary" name="Open Browser">
<doc>Opens a new browser instance to the given ``url``.</doc>
<arguments>
<arg>${LOGIN URL}</arg>
<arg>${BROWSER}</arg>
</arguments>
<msg timestamp="20180828 03:06:57.585" level="INFO">Opening browser 'ChromeHeadless' to base url 'http://159.65.235.14:5000/'.</msg>
<kw library="SeleniumLibrary" name="Capture Page Screenshot">
<doc>Takes screenshot of the current page and embeds it into log file.</doc>
<msg timestamp="20180828 03:06:57.585" level="INFO">Cannot capture screenshot because no browser is open.</msg>
<status status="PASS" starttime="20180828 03:06:57.585" endtime="20180828 03:06:57.585"></status>
</kw>
<msg timestamp="20180828 03:06:57.586" level="FAIL">ValueError: chromeheadless is not a supported browser.</msg>
<status status="FAIL" starttime="20180828 03:06:57.584" endtime="20180828 03:06:57.586"></status>
</kw>
<status status="FAIL" starttime="20180828 03:06:57.584" endtime="20180828 03:06:57.586"></status>
</kw>
<kw library="SeleniumLibrary" name="Close Browser" type="teardown">
<doc>Closes the current browser.</doc>
<status status="PASS" starttime="20180828 03:06:57.587" endtime="20180828 03:06:57.587"></status>
</kw>
<status status="FAIL" starttime="20180828 03:06:57.583" critical="yes" endtime="20180828 03:06:57.587">ValueError: chromeheadless is not a supported browser.</status>
</test>
<doc>dSIPRouter Login Test.</doc>
<status status="FAIL" starttime="20180828 03:06:57.487" endtime="20180828 03:06:57.588"></status>
</suite>
<statistics>
<total>
<stat pass="0" fail="1">Critical Tests</stat>
<stat pass="0" fail="1">All Tests</stat>
</total>
<tag>
</tag>
<suite>
<stat pass="0" id="s1" fail="1" name="Login">Login</stat>
</suite>
</statistics>
<errors>
</errors>
</robot>
